TN:
SF:/Users/frankokiror/Desktop/esyagric/ezyagric-ui-2019/src/polyfills.ts
FNF:0
FNH:0
LF:0
LH:0
BRF:0
BRH:0
end_of_record
TN:
SF:/Users/frankokiror/Desktop/esyagric/ezyagric-ui-2019/src/test.ts
FNF:0
FNH:0
DA:13,1
DA:18,1
DA:20,1
LF:3
LH:3
BRF:0
BRH:0
end_of_record
TN:
SF:/Users/frankokiror/Desktop/esyagric/ezyagric-ui-2019/src/app/app.component.ts
FN:12,(anonymous_0)
FN:7,AppComponent
FNF:2
FNH:2
FNDA:1,(anonymous_0)
FNDA:1,AppComponent
DA:12,1
DA:13,1
DA:14,1
LF:3
LH:3
BRF:0
BRH:0
end_of_record
TN:
SF:/Users/frankokiror/Desktop/esyagric/ezyagric-ui-2019/src/app/_guards/admin.guard.ts
FN:14,(anonymous_0)
FN:15,AdminGuard
FN:19,(anonymous_2)
FNF:3
FNH:3
FNDA:1,(anonymous_0)
FNDA:3,AdminGuard
FNDA:2,(anonymous_2)
DA:14,1
DA:16,3
DA:17,3
DA:19,1
DA:20,2
DA:21,2
DA:22,2
DA:24,1
DA:28,1
DA:30,1
LF:10
LH:10
BRDA:22,0,0,1
BRDA:22,0,1,1
BRF:2
BRH:2
end_of_record
TN:
SF:/Users/frankokiror/Desktop/esyagric/ezyagric-ui-2019/src/app/_guards/auth.guard.ts
FN:16,(anonymous_0)
FN:18,AuthGuard
FN:23,(anonymous_2)
FNF:3
FNH:3
FNDA:1,(anonymous_0)
FNDA:3,AuthGuard
FNDA:2,(anonymous_2)
DA:16,1
DA:17,3
DA:19,3
DA:20,3
DA:23,1
DA:24,2
DA:25,2
DA:27,1
DA:31,1
DA:32,1
DA:34,1
LF:11
LH:11
BRDA:25,0,0,1
BRDA:25,0,1,1
BRF:2
BRH:2
end_of_record
TN:
SF:/Users/frankokiror/Desktop/esyagric/ezyagric-ui-2019/src/app/_services/admin-api-calls.service.ts
FN:9,(anonymous_0)
FN:13,AdminApiCallsService
FN:16,(anonymous_2)
FN:24,(anonymous_3)
FN:28,(anonymous_4)
FNF:5
FNH:5
FNDA:1,(anonymous_0)
FNDA:33,AdminApiCallsService
FNDA:54,(anonymous_2)
FNDA:53,(anonymous_3)
FNDA:1,(anonymous_4)
DA:9,1
DA:10,33
DA:13,33
DA:14,33
DA:16,1
DA:17,54
DA:24,1
DA:25,53
DA:28,1
DA:29,1
DA:31,1
LF:11
LH:11
BRF:0
BRH:0
end_of_record
TN:
SF:/Users/frankokiror/Desktop/esyagric/ezyagric-ui-2019/src/app/_services/authentication.service.ts
FN:11,(anonymous_0)
FN:13,AuthenticationService
FN:15,(anonymous_2)
FN:23,(anonymous_3)
FN:28,(anonymous_4)
FN:32,(anonymous_5)
FN:37,(anonymous_6)
FN:43,(anonymous_7)
FNF:8
FNH:8
FNDA:1,(anonymous_0)
FNDA:11,AuthenticationService
FNDA:9,(anonymous_2)
FNDA:1,(anonymous_3)
FNDA:1,(anonymous_4)
FNDA:1,(anonymous_5)
FNDA:1,(anonymous_6)
FNDA:8,(anonymous_7)
DA:11,1
DA:13,11
DA:15,1
DA:16,9
DA:17,9
DA:18,1
DA:20,8
DA:23,1
DA:24,1
DA:25,1
DA:26,1
DA:28,1
DA:29,1
DA:32,1
DA:33,1
DA:34,1
DA:37,1
DA:38,1
DA:39,1
DA:43,1
DA:44,8
DA:45,8
DA:46,0
DA:47,0
DA:48,0
DA:50,8
DA:52,1
LF:27
LH:24
BRDA:17,0,0,1
BRDA:17,0,1,8
BRDA:38,1,0,1
BRDA:38,1,1,0
BRDA:45,2,0,0
BRDA:45,2,1,8
BRF:6
BRH:4
end_of_record
TN:
SF:/Users/frankokiror/Desktop/esyagric/ezyagric-ui-2019/src/app/_services/date.service.ts
FN:6,(anonymous_0)
FN:10,DateService
FNF:2
FNH:2
FNDA:1,(anonymous_0)
FNDA:35,DateService
DA:6,1
DA:11,35
DA:12,35
DA:13,35
DA:15,1
LF:5
LH:5
BRF:0
BRH:0
end_of_record
TN:
SF:/Users/frankokiror/Desktop/esyagric/ezyagric-ui-2019/src/app/_services/http-interceptors.service.ts
FN:14,(anonymous_0)
FN:15,HttpInterceptorsService
FN:17,(anonymous_2)
FN:31,(anonymous_3)
FNF:4
FNH:3
FNDA:1,(anonymous_0)
FNDA:2,HttpInterceptorsService
FNDA:1,(anonymous_2)
FNDA:0,(anonymous_3)
DA:14,1
DA:15,2
DA:17,1
DA:21,1
DA:23,1
DA:24,1
DA:30,1
DA:32,0
DA:36,1
LF:9
LH:8
BRDA:23,0,0,1
BRDA:23,0,1,0
BRF:2
BRH:1
end_of_record
TN:
SF:/Users/frankokiror/Desktop/esyagric/ezyagric-ui-2019/src/app/_services/notification.service.ts
FN:6,(anonymous_0)
FN:7,NotificationService
FNF:2
FNH:2
FNDA:1,(anonymous_0)
FNDA:2,NotificationService
DA:6,1
DA:8,1
LF:2
LH:2
BRF:0
BRH:0
end_of_record
TN:
SF:/Users/frankokiror/Desktop/esyagric/ezyagric-ui-2019/src/app/_shared/services/requests.service.ts
FN:9,(anonymous_0)
FN:10,RequestsService
FN:12,(anonymous_2)
FN:15,(anonymous_3)
FN:18,(anonymous_4)
FN:23,(anonymous_5)
FN:29,(anonymous_6)
FNF:7
FNH:6
FNDA:1,(anonymous_0)
FNDA:36,RequestsService
FNDA:6,(anonymous_2)
FNDA:4,(anonymous_3)
FNDA:1,(anonymous_4)
FNDA:1,(anonymous_5)
FNDA:0,(anonymous_6)
DA:9,1
DA:10,36
DA:12,1
DA:13,6
DA:15,1
DA:16,4
DA:18,1
DA:19,1
DA:23,1
DA:24,1
DA:29,1
DA:30,0
DA:32,1
LF:13
LH:12
BRF:0
BRH:0
end_of_record
TN:
SF:/Users/frankokiror/Desktop/esyagric/ezyagric-ui-2019/src/app/_shared/tests/testModules.ts
FNF:0
FNH:0
DA:8,1
LF:1
LH:1
BRF:0
BRH:0
end_of_record
TN:
SF:/Users/frankokiror/Desktop/esyagric/ezyagric-ui-2019/src/app/_shared/utils/base-component.ts
FN:9,(anonymous_0)
FN:151,BaseComponent
FN:10,(anonymous_2)
FN:153,(anonymous_3)
FN:163,(anonymous_4)
FN:167,(anonymous_5)
FN:171,(anonymous_6)
FN:178,(anonymous_7)
FN:187,(anonymous_8)
FN:189,(anonymous_9)
FN:196,(anonymous_10)
FNF:11
FNH:10
FNDA:1,(anonymous_0)
FNDA:36,BaseComponent
FNDA:7,(anonymous_2)
FNDA:6,(anonymous_3)
FNDA:4,(anonymous_4)
FNDA:0,(anonymous_5)
FNDA:4,(anonymous_6)
FNDA:6,(anonymous_7)
FNDA:9,(anonymous_8)
FNDA:9,(anonymous_9)
FNDA:7,(anonymous_10)
DA:9,1
DA:10,1
DA:15,7
DA:16,2
DA:17,2
DA:19,5
DA:20,3
DA:21,3
DA:24,36
DA:25,36
DA:26,36
DA:27,36
DA:28,36
DA:33,1
DA:34,1
DA:36,36
DA:151,36
DA:153,1
DA:154,6
DA:155,6
DA:156,6
DA:163,4
DA:164,4
DA:165,4
DA:166,4
DA:168,0
DA:169,0
DA:172,4
DA:173,4
DA:178,1
DA:179,6
DA:180,6
DA:181,4
DA:182,4
DA:184,6
DA:187,9
DA:188,9
DA:189,9
DA:190,9
DA:191,9
DA:192,9
DA:196,1
DA:197,7
DA:199,1
LF:44
LH:42
BRDA:15,0,0,2
BRDA:15,0,1,5
BRDA:15,1,0,7
BRDA:15,1,1,4
BRDA:15,1,2,4
BRDA:19,2,0,3
BRDA:19,2,1,2
BRDA:19,3,0,5
BRDA:19,3,1,2
BRDA:180,4,0,4
BRDA:180,4,1,2
BRF:11
BRH:11
end_of_record
TN:
SF:/Users/frankokiror/Desktop/esyagric/ezyagric-ui-2019/src/app/_shared/utils/helper-functions.ts
FN:7,(anonymous_0)
FN:12,(anonymous_2)
FN:21,(anonymous_3)
FN:22,(anonymous_4)
FNF:4
FNH:4
FNDA:31,(anonymous_0)
FNDA:26,(anonymous_2)
FNDA:8,(anonymous_3)
FNDA:16,(anonymous_4)
DA:7,1
DA:12,1
DA:13,26
DA:14,24
DA:21,1
DA:22,8
DA:23,16
DA:26,1
LF:8
LH:8
BRDA:13,0,0,2
BRDA:13,0,1,24
BRF:2
BRH:2
end_of_record
TN:
SF:/Users/frankokiror/Desktop/esyagric/ezyagric-ui-2019/src/app/components/admin-report-sidebar/admin-report-sidebar.component.ts
FN:8,(anonymous_0)
FNF:1
FNH:1
FNDA:2,(anonymous_0)
DA:8,1
DA:10,1
LF:2
LH:2
BRF:0
BRH:0
end_of_record
TN:
SF:/Users/frankokiror/Desktop/esyagric/ezyagric-ui-2019/src/app/components/admin-social-media-summary/admin-social-media-summary.component.ts
FN:8,(anonymous_0)
FNF:1
FNH:1
FNDA:2,(anonymous_0)
DA:8,1
DA:9,1
DA:10,1
DA:11,1
DA:12,1
LF:5
LH:5
BRF:0
BRH:0
end_of_record
TN:
SF:/Users/frankokiror/Desktop/esyagric/ezyagric-ui-2019/src/app/components/app-dashboard-navigation/app-dashboard-navigation.component.ts
FN:9,(anonymous_0)
FN:12,AppDashboardNavigationComponent
FN:14,(anonymous_2)
FN:17,(anonymous_3)
FNF:4
FNH:4
FNDA:1,(anonymous_0)
FNDA:21,AppDashboardNavigationComponent
FNDA:6,(anonymous_2)
FNDA:132,(anonymous_3)
DA:9,1
DA:12,21
DA:14,1
DA:15,6
DA:17,1
DA:18,132
DA:20,1
LF:7
LH:7
BRF:0
BRH:0
end_of_record
TN:
SF:/Users/frankokiror/Desktop/esyagric/ezyagric-ui-2019/src/app/components/application-activity-summary/application-activity-summary.component.ts
FN:8,(anonymous_0)
FNF:1
FNH:1
FNDA:2,(anonymous_0)
DA:8,1
DA:9,1
DA:10,1
LF:3
LH:3
BRF:0
BRH:0
end_of_record
TN:
SF:/Users/frankokiror/Desktop/esyagric/ezyagric-ui-2019/src/app/components/data-table/data-table.component.ts
FN:14,(anonymous_0)
FN:47,DataTableComponent
FN:109,(anonymous_2)
FN:110,(anonymous_3)
FN:52,(anonymous_4)
FN:56,(anonymous_5)
FN:66,(anonymous_6)
FN:71,(anonymous_7)
FN:73,(anonymous_8)
FN:75,(anonymous_9)
FN:81,(anonymous_10)
FN:91,(anonymous_11)
FN:96,(anonymous_12)
FN:101,(anonymous_13)
FN:118,(anonymous_14)
FN:134,(anonymous_15)
FN:144,(anonymous_16)
FN:147,(anonymous_17)
FN:152,(anonymous_18)
FN:163,(anonymous_19)
FN:164,(anonymous_20)
FN:185,(anonymous_21)
FN:199,(anonymous_22)
FN:203,(anonymous_23)
FNF:24
FNH:23
FNDA:1,(anonymous_0)
FNDA:16,DataTableComponent
FNDA:3,(anonymous_2)
FNDA:15,(anonymous_3)
FNDA:11,(anonymous_4)
FNDA:1,(anonymous_5)
FNDA:1,(anonymous_6)
FNDA:12,(anonymous_7)
FNDA:11,(anonymous_8)
FNDA:0,(anonymous_9)
FNDA:2,(anonymous_10)
FNDA:29,(anonymous_11)
FNDA:1,(anonymous_12)
FNDA:1,(anonymous_13)
FNDA:2,(anonymous_14)
FNDA:2,(anonymous_15)
FNDA:1,(anonymous_16)
FNDA:1,(anonymous_17)
FNDA:1,(anonymous_18)
FNDA:3,(anonymous_19)
FNDA:3,(anonymous_20)
FNDA:1,(anonymous_21)
FNDA:1,(anonymous_22)
FNDA:1,(anonymous_23)
DA:14,1
DA:15,1
DA:16,1
DA:17,1
DA:18,16
DA:20,16
DA:22,16
DA:23,16
DA:24,16
DA:26,16
DA:27,16
DA:28,16
DA:29,16
DA:30,16
DA:33,16
DA:36,16
DA:37,16
DA:47,16
DA:48,16
DA:49,16
DA:52,1
DA:53,11
DA:56,1
DA:57,1
DA:58,1
DA:59,1
DA:60,1
DA:61,1
DA:62,1
DA:63,1
DA:66,1
DA:67,1
DA:68,1
DA:71,12
DA:72,12
DA:73,12
DA:74,11
DA:75,11
DA:76,0
DA:81,1
DA:82,2
DA:83,2
DA:84,2
DA:85,2
DA:86,2
DA:87,1
DA:88,1
DA:91,1
DA:92,29
DA:93,29
DA:94,29
DA:96,1
DA:97,1
DA:98,1
DA:99,1
DA:102,1
DA:103,1
DA:104,1
DA:105,1
DA:109,16
DA:110,3
DA:111,15
DA:112,0
DA:118,1
DA:119,2
DA:121,2
DA:122,2
DA:123,2
DA:124,2
DA:125,1
DA:126,1
DA:127,1
DA:128,1
DA:129,1
DA:131,2
DA:134,2
DA:135,2
DA:136,2
DA:137,2
DA:138,2
DA:139,2
DA:142,2
DA:143,2
DA:145,1
DA:148,1
DA:149,1
DA:150,1
DA:151,1
DA:152,1
DA:153,1
DA:155,1
DA:163,3
DA:164,3
DA:165,3
DA:166,3
DA:167,3
DA:168,3
DA:169,3
DA:170,3
DA:171,3
DA:173,3
DA:185,1
DA:186,1
DA:196,1
DA:199,1
DA:200,1
DA:203,1
DA:204,1
DA:211,1
LF:109
LH:107
BRDA:111,0,0,0
BRDA:111,0,1,15
BRDA:111,1,0,15
BRDA:111,1,1,5
BRDA:86,2,0,1
BRDA:86,2,1,1
BRDA:124,3,0,1
BRDA:124,3,1,1
BRDA:124,4,0,2
BRDA:124,4,1,1
BRDA:127,5,0,1
BRDA:127,5,1,0
BRDA:137,6,0,2
BRDA:137,6,1,0
BRDA:142,7,0,2
BRDA:142,7,1,0
BRDA:149,8,0,1
BRDA:149,8,1,0
BRF:18
BRH:13
end_of_record
TN:
SF:/Users/frankokiror/Desktop/esyagric/ezyagric-ui-2019/src/app/components/diagnosis-table/diagnosis-table.component.ts
FN:10,(anonymous_0)
FN:12,DiagnosisTableComponent
FN:29,(anonymous_2)
FN:34,(anonymous_3)
FN:38,(anonymous_4)
FN:41,(anonymous_5)
FN:45,(anonymous_6)
FN:52,(anonymous_7)
FN:56,(anonymous_8)
FN:59,(anonymous_9)
FN:65,(anonymous_10)
FN:77,(anonymous_11)
FN:83,(anonymous_12)
FN:87,(anonymous_13)
FN:91,(anonymous_14)
FNF:15
FNH:15
FNDA:1,(anonymous_0)
FNDA:16,DiagnosisTableComponent
FNDA:4,(anonymous_2)
FNDA:5,(anonymous_3)
FNDA:8,(anonymous_4)
FNDA:6,(anonymous_5)
FNDA:2,(anonymous_6)
FNDA:1,(anonymous_7)
FNDA:3,(anonymous_8)
FNDA:1,(anonymous_9)
FNDA:2,(anonymous_10)
FNDA:1,(anonymous_11)
FNDA:1,(anonymous_12)
FNDA:1,(anonymous_13)
FNDA:1,(anonymous_14)
DA:10,1
DA:12,16
DA:14,1
DA:19,16
DA:20,16
DA:21,16
DA:29,1
DA:30,4
DA:31,4
DA:34,1
DA:35,5
DA:38,8
DA:39,8
DA:40,8
DA:42,6
DA:43,6
DA:46,2
DA:47,2
DA:52,1
DA:53,1
DA:56,3
DA:57,3
DA:58,3
DA:60,1
DA:61,1
DA:62,1
DA:63,1
DA:66,2
DA:67,2
DA:68,2
DA:69,1
DA:71,1
DA:77,1
DA:78,1
DA:79,1
DA:80,1
DA:83,1
DA:84,1
DA:87,1
DA:88,1
DA:91,1
DA:92,1
DA:94,1
LF:43
LH:43
BRDA:35,0,0,3
BRDA:35,0,1,2
BRDA:68,1,0,1
BRDA:68,1,1,1
BRF:4
BRH:4
end_of_record
TN:
SF:/Users/frankokiror/Desktop/esyagric/ezyagric-ui-2019/src/app/components/edit-diagnosis-modal/edit-diagnosis-modal.component.ts
FN:17,(anonymous_0)
FN:19,EditDiagnosisModalComponent
FN:52,(anonymous_2)
FN:57,(anonymous_3)
FN:68,(anonymous_4)
FN:70,(anonymous_5)
FN:72,(anonymous_6)
FN:75,(anonymous_7)
FN:80,(anonymous_8)
FN:87,(anonymous_9)
FN:89,(anonymous_10)
FN:95,(anonymous_11)
FN:99,(anonymous_12)
FN:103,(anonymous_13)
FN:115,(anonymous_14)
FN:121,(anonymous_15)
FN:133,(anonymous_16)
FN:136,(anonymous_17)
FN:143,(anonymous_18)
FNF:19
FNH:19
FNDA:1,(anonymous_0)
FNDA:13,EditDiagnosisModalComponent
FNDA:2,(anonymous_2)
FNDA:1,(anonymous_3)
FNDA:2,(anonymous_4)
FNDA:2,(anonymous_5)
FNDA:4,(anonymous_6)
FNDA:3,(anonymous_7)
FNDA:1,(anonymous_8)
FNDA:3,(anonymous_9)
FNDA:3,(anonymous_10)
FNDA:1,(anonymous_11)
FNDA:4,(anonymous_12)
FNDA:2,(anonymous_13)
FNDA:2,(anonymous_14)
FNDA:11,(anonymous_15)
FNDA:4,(anonymous_16)
FNDA:3,(anonymous_17)
FNDA:1,(anonymous_18)
DA:17,1
DA:20,13
DA:21,13
DA:24,1
DA:25,1
DA:26,1
DA:27,1
DA:29,13
DA:30,13
DA:36,13
DA:37,13
DA:45,13
DA:52,1
DA:53,2
DA:54,2
DA:57,1
DA:58,1
DA:68,2
DA:70,2
DA:72,4
DA:73,4
DA:74,4
DA:76,3
DA:77,3
DA:78,1
DA:81,1
DA:82,1
DA:87,3
DA:88,3
DA:90,3
DA:95,1
DA:96,1
DA:99,1
DA:100,4
DA:103,1
DA:104,2
DA:105,2
DA:106,2
DA:107,1
DA:108,1
DA:110,1
DA:115,2
DA:116,2
DA:117,2
DA:118,2
DA:119,2
DA:120,2
DA:121,2
DA:122,11
DA:123,1
DA:125,10
DA:128,2
DA:130,2
DA:133,4
DA:134,4
DA:135,4
DA:137,3
DA:138,3
DA:139,3
DA:140,3
DA:141,3
DA:144,1
DA:145,1
DA:146,1
DA:150,1
LF:65
LH:65
BRDA:104,0,0,2
BRDA:104,0,1,0
BRDA:106,1,0,1
BRDA:106,1,1,1
BRDA:106,2,0,2
BRDA:106,2,1,1
BRDA:117,3,0,2
BRDA:117,3,1,0
BRDA:119,4,0,1
BRDA:119,4,1,1
BRDA:122,5,0,1
BRDA:122,5,1,10
BRDA:122,6,0,11
BRDA:122,6,1,1
BRF:14
BRH:12
end_of_record
TN:
SF:/Users/frankokiror/Desktop/esyagric/ezyagric-ui-2019/src/app/components/edit-modal/edit-modal.component.ts
FN:16,(anonymous_0)
FN:30,EditModalComponent
FN:38,(anonymous_2)
FN:49,(anonymous_3)
FN:52,(anonymous_4)
FN:57,(anonymous_5)
FN:64,(anonymous_6)
FN:71,(anonymous_7)
FNF:8
FNH:7
FNDA:1,(anonymous_0)
FNDA:5,EditModalComponent
FNDA:5,(anonymous_2)
FNDA:1,(anonymous_3)
FNDA:1,(anonymous_4)
FNDA:0,(anonymous_5)
FNDA:1,(anonymous_6)
FNDA:2,(anonymous_7)
DA:16,1
DA:17,1
DA:18,1
DA:19,1
DA:20,5
DA:21,5
DA:23,5
DA:27,5
DA:28,5
DA:31,5
DA:33,5
DA:35,5
DA:38,1
DA:39,5
DA:40,5
DA:49,1
DA:50,1
DA:51,1
DA:53,1
DA:54,1
DA:55,1
DA:58,0
DA:59,0
DA:64,1
DA:65,1
DA:66,1
DA:67,1
DA:68,1
DA:71,1
DA:72,2
DA:73,2
DA:74,1
DA:75,1
DA:76,5
DA:77,5
DA:79,1
DA:84,1
DA:86,2
DA:88,1
LF:39
LH:37
BRDA:35,0,0,5
BRDA:35,0,1,5
BRDA:73,1,0,1
BRDA:73,1,1,1
BRDA:77,2,0,5
BRDA:77,2,1,0
BRDA:79,3,0,1
BRDA:79,3,1,0
BRF:8
BRH:6
end_of_record
TN:
SF:/Users/frankokiror/Desktop/esyagric/ezyagric-ui-2019/src/app/components/farmer-distribution/farmer-distribution.component.ts
FN:17,(anonymous_0)
FN:54,FarmerDistributionComponent
FN:57,(anonymous_2)
FN:64,(anonymous_3)
FN:67,(anonymous_4)
FN:81,(anonymous_5)
FNF:6
FNH:4
FNDA:1,(anonymous_0)
FNDA:1,FarmerDistributionComponent
FNDA:1,(anonymous_2)
FNDA:0,(anonymous_3)
FNDA:0,(anonymous_4)
FNDA:1,(anonymous_5)
DA:8,1
DA:10,1
DA:17,1
DA:19,1
DA:20,1
DA:21,1
DA:22,1
DA:23,1
DA:25,1
DA:26,1
DA:27,1
DA:30,1
DA:34,1
DA:40,1
DA:55,1
DA:57,1
DA:58,1
DA:65,0
DA:67,0
DA:68,0
DA:69,0
DA:72,0
DA:81,1
DA:82,1
DA:83,1
DA:84,1
DA:87,5
DA:88,5
DA:90,5
DA:91,5
DA:93,112
DA:94,112
DA:95,107
DA:97,112
DA:98,107
DA:101,1
DA:102,1
DA:104,1
LF:38
LH:33
BRDA:55,0,0,1
BRDA:55,0,1,1
BRDA:68,1,0,0
BRDA:68,1,1,0
BRDA:94,2,0,107
BRDA:94,2,1,5
BRDA:97,3,0,107
BRDA:97,3,1,5
BRDA:102,4,0,1
BRDA:102,4,1,1
BRF:10
BRH:8
end_of_record
TN:
SF:/Users/frankokiror/Desktop/esyagric/ezyagric-ui-2019/src/app/components/landing-header/landing-header.component.ts
FN:8,(anonymous_0)
FNF:1
FNH:1
FNDA:42,(anonymous_0)
DA:8,1
LF:1
LH:1
BRF:0
BRH:0
end_of_record
TN:
SF:/Users/frankokiror/Desktop/esyagric/ezyagric-ui-2019/src/app/components/most-ordered-products/most-ordered-products.component.ts
FN:11,(anonymous_0)
FN:12,MostOrderedProductsComponent
FN:46,(anonymous_2)
FN:48,(anonymous_3)
FN:53,(anonymous_4)
FN:59,(anonymous_5)
FN:69,(anonymous_6)
FN:73,(anonymous_7)
FN:74,(anonymous_8)
FN:82,(anonymous_9)
FN:96,(anonymous_10)
FN:99,(anonymous_11)
FN:116,(anonymous_12)
FN:119,(anonymous_13)
FN:123,(anonymous_14)
FN:129,(anonymous_15)
FN:132,(anonymous_16)
FN:137,(anonymous_17)
FNF:18
FNH:17
FNDA:1,(anonymous_0)
FNDA:7,MostOrderedProductsComponent
FNDA:1,(anonymous_2)
FNDA:1,(anonymous_3)
FNDA:0,(anonymous_4)
FNDA:1,(anonymous_5)
FNDA:3,(anonymous_6)
FNDA:3,(anonymous_7)
FNDA:6,(anonymous_8)
FNDA:4,(anonymous_9)
FNDA:2,(anonymous_10)
FNDA:3,(anonymous_11)
FNDA:3,(anonymous_12)
FNDA:2,(anonymous_13)
FNDA:1,(anonymous_14)
FNDA:3,(anonymous_15)
FNDA:2,(anonymous_16)
FNDA:1,(anonymous_17)
DA:11,1
DA:12,7
DA:17,7
DA:23,7
DA:24,7
DA:25,7
DA:26,7
DA:27,7
DA:28,7
DA:29,7
DA:30,7
DA:35,7
DA:36,7
DA:39,7
DA:40,7
DA:46,1
DA:47,1
DA:49,1
DA:50,1
DA:51,1
DA:54,0
DA:59,1
DA:60,1
DA:61,1
DA:69,1
DA:70,3
DA:71,3
DA:72,3
DA:73,3
DA:74,3
DA:75,6
DA:76,2
DA:78,4
DA:82,2
DA:83,4
DA:84,4
DA:85,4
DA:86,4
DA:88,2
DA:96,2
DA:97,2
DA:98,2
DA:99,2
DA:100,3
DA:101,3
DA:102,3
DA:103,2
DA:104,2
DA:106,1
DA:108,3
DA:113,2
DA:116,3
DA:117,3
DA:118,3
DA:120,2
DA:121,2
DA:124,1
DA:129,3
DA:130,3
DA:131,3
DA:133,2
DA:134,1
DA:135,1
DA:138,1
DA:142,1
LF:65
LH:64
BRDA:75,0,0,2
BRDA:75,0,1,4
BRDA:102,1,0,2
BRDA:102,1,1,1
BRF:4
BRH:4
end_of_record
TN:
SF:/Users/frankokiror/Desktop/esyagric/ezyagric-ui-2019/src/app/components/navigation/navigation.component.ts
FN:9,(anonymous_0)
FN:13,NavigationComponent
FN:15,(anonymous_2)
FN:21,(anonymous_3)
FNF:4
FNH:4
FNDA:1,(anonymous_0)
FNDA:100,NavigationComponent
FNDA:60,(anonymous_2)
FNDA:1,(anonymous_3)
DA:9,1
DA:10,100
DA:13,100
DA:15,1
DA:16,60
DA:17,60
DA:18,60
DA:21,1
DA:22,1
DA:24,1
LF:10
LH:10
BRF:0
BRH:0
end_of_record
TN:
SF:/Users/frankokiror/Desktop/esyagric/ezyagric-ui-2019/src/app/components/online-accounts/online-accounts.component.ts
FN:8,(anonymous_0)
FNF:1
FNH:1
FNDA:2,(anonymous_0)
DA:8,1
DA:9,1
DA:10,1
LF:3
LH:3
BRF:0
BRH:0
end_of_record
TN:
SF:/Users/frankokiror/Desktop/esyagric/ezyagric-ui-2019/src/app/components/order-table/order-table.component.ts
FN:9,(anonymous_0)
FN:19,OrderTableComponent
FN:21,(anonymous_2)
FN:25,(anonymous_3)
FN:26,(anonymous_4)
FN:35,(anonymous_5)
FNF:6
FNH:6
FNDA:1,(anonymous_0)
FNDA:4,OrderTableComponent
FNDA:1,(anonymous_2)
FNDA:2,(anonymous_3)
FNDA:2,(anonymous_4)
FNDA:1,(anonymous_5)
DA:9,1
DA:10,1
DA:11,1
DA:14,4
DA:15,4
DA:16,4
DA:19,4
DA:21,1
DA:22,1
DA:25,2
DA:26,2
DA:27,2
DA:28,1
DA:30,1
DA:35,1
DA:36,1
DA:39,1
LF:17
LH:17
BRDA:27,0,0,1
BRDA:27,0,1,1
BRF:2
BRH:2
end_of_record
TN:
SF:/Users/frankokiror/Desktop/esyagric/ezyagric-ui-2019/src/app/components/register-account-pannel/register-account-pannel.component.ts
FN:16,(anonymous_0)
FN:62,RegisterAccountPannelComponent
FN:68,(anonymous_2)
FN:90,(anonymous_3)
FNF:4
FNH:4
FNDA:1,(anonymous_0)
FNDA:13,RegisterAccountPannelComponent
FNDA:21,(anonymous_2)
FNDA:1,(anonymous_3)
DA:16,1
DA:19,13
DA:21,13
DA:63,13
DA:66,13
DA:68,1
DA:69,21
DA:90,1
DA:91,1
DA:93,1
DA:94,1
DA:95,1
DA:96,15
DA:98,1
DA:102,1
LF:15
LH:15
BRDA:66,0,0,13
BRDA:66,0,1,13
BRF:2
BRH:2
end_of_record
TN:
SF:/Users/frankokiror/Desktop/esyagric/ezyagric-ui-2019/src/app/components/report-filter/report-filter.component.ts
FN:17,(anonymous_0)
FN:35,ReportFilterComponent
FN:37,(anonymous_2)
FN:41,(anonymous_3)
FN:45,(anonymous_4)
FN:50,(anonymous_5)
FN:56,(anonymous_6)
FN:61,(anonymous_7)
FN:66,(anonymous_8)
FN:85,(anonymous_9)
FNF:10
FNH:10
FNDA:1,(anonymous_0)
FNDA:9,ReportFilterComponent
FNDA:1,(anonymous_2)
FNDA:1,(anonymous_3)
FNDA:1,(anonymous_4)
FNDA:1,(anonymous_5)
FNDA:1,(anonymous_6)
FNDA:1,(anonymous_7)
FNDA:3,(anonymous_8)
FNDA:3,(anonymous_9)
DA:17,1
DA:20,9
DA:21,9
DA:22,9
DA:23,9
DA:24,9
DA:25,9
DA:26,9
DA:27,9
DA:28,9
DA:29,9
DA:30,9
DA:31,9
DA:32,9
DA:34,9
DA:35,9
DA:37,1
DA:38,1
DA:41,1
DA:42,1
DA:45,1
DA:46,1
DA:47,1
DA:51,1
DA:56,1
DA:57,1
DA:58,1
DA:61,1
DA:62,1
DA:63,1
DA:66,1
DA:68,3
DA:69,3
DA:70,3
DA:71,2
DA:73,1
DA:76,3
DA:82,3
DA:85,1
DA:86,3
DA:87,3
DA:89,1
LF:42
LH:42
BRDA:63,0,0,0
BRDA:63,0,1,1
BRDA:70,1,0,2
BRDA:70,1,1,1
BRDA:86,2,0,2
BRDA:86,2,1,1
BRDA:87,3,0,2
BRDA:87,3,1,1
BRF:8
BRH:7
end_of_record
TN:
SF:/Users/frankokiror/Desktop/esyagric/ezyagric-ui-2019/src/app/components/request-account-pannel/request-account-pannel.component.ts
FN:17,(anonymous_0)
FN:28,RequestAccountPannelComponent
FN:36,(anonymous_2)
FNF:3
FNH:3
FNDA:1,(anonymous_0)
FNDA:11,RequestAccountPannelComponent
FNDA:16,(anonymous_2)
DA:17,1
DA:18,11
DA:29,11
DA:30,11
DA:33,11
DA:36,1
DA:37,16
DA:52,1
LF:8
LH:8
BRDA:33,0,0,11
BRDA:33,0,1,11
BRF:2
BRH:2
end_of_record
TN:
SF:/Users/frankokiror/Desktop/esyagric/ezyagric-ui-2019/src/app/components/top-districts/top-districts.component.ts
FN:8,(anonymous_0)
FNF:1
FNH:1
FNDA:2,(anonymous_0)
DA:8,1
DA:9,1
DA:10,1
DA:11,1
LF:4
LH:4
BRF:0
BRH:0
end_of_record
TN:
SF:/Users/frankokiror/Desktop/esyagric/ezyagric-ui-2019/src/app/components/underdevelopment/underdevelopment.component.ts
FN:8,(anonymous_0)
FNF:1
FNH:1
FNDA:4,(anonymous_0)
DA:8,1
LF:1
LH:1
BRF:0
BRH:0
end_of_record
TN:
SF:/Users/frankokiror/Desktop/esyagric/ezyagric-ui-2019/src/app/components/welcome-details/welcome-details.component.ts
FN:9,(anonymous_0)
FN:13,WelcomeDetailsComponent
FN:15,(anonymous_2)
FNF:3
FNH:3
FNDA:1,(anonymous_0)
FNDA:29,WelcomeDetailsComponent
FNDA:1,(anonymous_2)
DA:9,1
DA:10,29
DA:13,29
DA:15,1
DA:16,1
DA:18,1
LF:6
LH:6
BRDA:16,0,0,0
BRDA:16,0,1,1
BRF:2
BRH:1
end_of_record
TN:
SF:/Users/frankokiror/Desktop/esyagric/ezyagric-ui-2019/src/app/views/view.component.ts
FN:8,(anonymous_0)
FNF:1
FNH:1
FNDA:2,(anonymous_0)
DA:8,1
LF:1
LH:1
BRF:0
BRH:0
end_of_record
TN:
SF:/Users/frankokiror/Desktop/esyagric/ezyagric-ui-2019/src/app/views/_app-management/agronomical/agronomical.component.ts
FN:8,(anonymous_0)
FN:3,AgronomicalComponent
FN:14,(anonymous_2)
FNF:3
FNH:3
FNDA:1,(anonymous_0)
FNDA:1,AgronomicalComponent
FNDA:1,(anonymous_2)
DA:8,1
DA:9,1
DA:10,1
DA:11,1
DA:12,1
DA:13,1
DA:14,1
DA:15,1
DA:39,1
LF:9
LH:9
BRF:0
BRH:0
end_of_record
TN:
SF:/Users/frankokiror/Desktop/esyagric/ezyagric-ui-2019/src/app/views/_app-management/app-management-dashboard/app-management-dashboard.component.ts
FN:11,(anonymous_0)
FN:51,AppManagementDashboardComponent
FN:55,(anonymous_2)
FN:59,(anonymous_3)
FN:71,(anonymous_4)
FN:80,(anonymous_5)
FN:82,(anonymous_6)
FN:88,(anonymous_7)
FN:98,(anonymous_8)
FN:101,(anonymous_9)
FNF:10
FNH:9
FNDA:1,(anonymous_0)
FNDA:2,AppManagementDashboardComponent
FNDA:1,(anonymous_2)
FNDA:2,(anonymous_3)
FNDA:2,(anonymous_4)
FNDA:1,(anonymous_5)
FNDA:4,(anonymous_6)
FNDA:1,(anonymous_7)
FNDA:1,(anonymous_8)
FNDA:0,(anonymous_9)
DA:11,1
DA:13,2
DA:14,2
DA:15,2
DA:16,2
DA:17,2
DA:25,2
DA:39,2
DA:41,2
DA:42,2
DA:43,2
DA:44,2
DA:46,2
DA:47,2
DA:48,2
DA:52,2
DA:55,1
DA:56,1
DA:59,1
DA:60,2
DA:61,2
DA:62,2
DA:63,2
DA:64,1
DA:65,1
DA:66,1
DA:67,1
DA:68,1
DA:71,1
DA:72,2
DA:73,4
DA:74,4
DA:75,4
DA:77,1
DA:80,1
DA:82,1
DA:83,4
DA:84,4
DA:88,1
DA:89,1
DA:99,1
DA:102,0
DA:106,1
LF:43
LH:42
BRDA:52,0,0,2
BRDA:52,0,1,2
BRF:2
BRH:2
end_of_record
TN:
SF:/Users/frankokiror/Desktop/esyagric/ezyagric-ui-2019/src/app/views/_app-management/completed-orders/completed-orders.component.ts
FN:8,(anonymous_0)
FNF:1
FNH:1
FNDA:2,(anonymous_0)
DA:8,1
LF:1
LH:1
BRF:0
BRH:0
end_of_record
TN:
SF:/Users/frankokiror/Desktop/esyagric/ezyagric-ui-2019/src/app/views/_app-management/diseases/diseases.component.ts
FN:8,(anonymous_0)
FNF:1
FNH:1
FNDA:1,(anonymous_0)
DA:8,1
LF:1
LH:1
BRF:0
BRH:0
end_of_record
TN:
SF:/Users/frankokiror/Desktop/esyagric/ezyagric-ui-2019/src/app/views/_app-management/inputs/inputs.component.ts
FN:8,(anonymous_0)
FN:3,InputsComponent
FN:14,(anonymous_2)
FNF:3
FNH:3
FNDA:1,(anonymous_0)
FNDA:1,InputsComponent
FNDA:1,(anonymous_2)
DA:8,1
DA:9,1
DA:10,1
DA:11,1
DA:12,1
DA:14,1
DA:15,1
DA:26,1
LF:8
LH:8
BRF:0
BRH:0
end_of_record
TN:
SF:/Users/frankokiror/Desktop/esyagric/ezyagric-ui-2019/src/app/views/_app-management/pests/pests.component.ts
FN:8,(anonymous_0)
FNF:1
FNH:1
FNDA:1,(anonymous_0)
DA:8,1
LF:1
LH:1
BRF:0
BRH:0
end_of_record
TN:
SF:/Users/frankokiror/Desktop/esyagric/ezyagric-ui-2019/src/app/views/_app-management/received-orders/received-orders.component.ts
FN:8,(anonymous_0)
FNF:1
FNH:1
FNDA:2,(anonymous_0)
DA:8,1
LF:1
LH:1
BRF:0
BRH:0
end_of_record
TN:
SF:/Users/frankokiror/Desktop/esyagric/ezyagric-ui-2019/src/app/views/about-page/about-page.component.ts
FN:9,(anonymous_0)
FN:10,AboutPageComponent
FNF:2
FNH:2
FNDA:1,(anonymous_0)
FNDA:2,AboutPageComponent
DA:9,1
DA:10,2
DA:11,1
LF:3
LH:3
BRF:0
BRH:0
end_of_record
TN:
SF:/Users/frankokiror/Desktop/esyagric/ezyagric-ui-2019/src/app/views/admin-dashboard/admin-dashboard.component.ts
FN:27,(anonymous_0)
FN:71,AdminDashboardComponent
FN:192,(anonymous_2)
FN:72,(anonymous_3)
FN:76,(anonymous_4)
FN:80,(anonymous_5)
FN:95,(anonymous_6)
FN:101,(anonymous_7)
FN:115,(anonymous_8)
FN:118,(anonymous_9)
FN:124,(anonymous_10)
FN:146,(anonymous_11)
FN:157,(anonymous_12)
FN:158,(anonymous_13)
FN:159,(anonymous_14)
FN:181,(anonymous_15)
FN:183,(anonymous_16)
FNF:17
FNH:16
FNDA:1,(anonymous_0)
FNDA:3,AdminDashboardComponent
FNDA:2,(anonymous_2)
FNDA:4,(anonymous_3)
FNDA:3,(anonymous_4)
FNDA:4,(anonymous_5)
FNDA:44,(anonymous_6)
FNDA:4,(anonymous_7)
FNDA:1,(anonymous_8)
FNDA:0,(anonymous_9)
FNDA:2,(anonymous_10)
FNDA:2,(anonymous_11)
FNDA:2,(anonymous_12)
FNDA:10,(anonymous_13)
FNDA:20,(anonymous_14)
FNDA:3,(anonymous_15)
FNDA:2,(anonymous_16)
DA:27,1
DA:41,3
DA:42,3
DA:44,3
DA:45,3
DA:46,3
DA:47,3
DA:48,3
DA:49,3
DA:50,3
DA:51,3
DA:55,3
DA:56,3
DA:57,3
DA:58,3
DA:59,3
DA:60,3
DA:61,3
DA:62,3
DA:63,3
DA:64,3
DA:65,3
DA:68,3
DA:69,3
DA:71,3
DA:72,1
DA:73,4
DA:76,1
DA:77,3
DA:80,1
DA:81,4
DA:82,4
DA:83,4
DA:86,4
DA:90,4
DA:92,4
DA:95,1
DA:96,44
DA:101,4
DA:102,4
DA:116,1
DA:119,0
DA:124,1
DA:125,2
DA:126,2
DA:127,2
DA:128,2
DA:129,2
DA:130,2
DA:131,2
DA:132,2
DA:133,2
DA:134,2
DA:135,1
DA:136,1
DA:137,1
DA:138,1
DA:139,1
DA:146,1
DA:147,2
DA:148,2
DA:149,2
DA:150,2
DA:151,2
DA:152,2
DA:153,2
DA:154,2
DA:157,2
DA:158,2
DA:159,10
DA:160,20
DA:162,20
DA:163,8
DA:165,12
DA:167,20
DA:171,20
DA:172,10
DA:174,10
DA:178,2
DA:181,1
DA:182,3
DA:183,3
DA:184,2
DA:185,2
DA:187,2
DA:189,2
DA:192,3
DA:196,2
DA:198,1
LF:89
LH:88
BRDA:196,0,0,1
BRDA:196,0,1,1
BRDA:196,1,0,1
BRDA:196,1,1,0
BRDA:84,2,0,2
BRDA:84,2,1,2
BRDA:87,3,0,2
BRDA:87,3,1,2
BRDA:162,4,0,8
BRDA:162,4,1,12
BRDA:171,5,0,10
BRDA:171,5,1,10
BRDA:184,6,0,2
BRDA:184,6,1,0
BRF:14
BRH:12
end_of_record
TN:
SF:/Users/frankokiror/Desktop/esyagric/ezyagric-ui-2019/src/app/views/admin-list/admin-list.component.ts
FN:10,(anonymous_0)
FN:25,AdminListComponent
FN:30,(anonymous_2)
FN:34,(anonymous_3)
FN:36,(anonymous_4)
FN:42,(anonymous_5)
FN:47,(anonymous_6)
FN:52,(anonymous_7)
FN:54,(anonymous_8)
FN:59,(anonymous_9)
FNF:10
FNH:10
FNDA:1,(anonymous_0)
FNDA:4,AdminListComponent
FNDA:3,(anonymous_2)
FNDA:4,(anonymous_3)
FNDA:4,(anonymous_4)
FNDA:1,(anonymous_5)
FNDA:1,(anonymous_6)
FNDA:2,(anonymous_7)
FNDA:1,(anonymous_8)
FNDA:1,(anonymous_9)
DA:10,1
DA:11,4
DA:12,4
DA:14,4
DA:15,4
DA:16,4
DA:17,4
DA:26,4
DA:27,4
DA:30,1
DA:31,3
DA:34,4
DA:35,4
DA:36,4
DA:37,4
DA:38,4
DA:42,1
DA:43,1
DA:44,1
DA:47,1
DA:48,1
DA:49,1
DA:52,2
DA:53,2
DA:55,1
DA:56,1
DA:57,1
DA:60,1
DA:61,1
DA:65,1
LF:30
LH:30
BRF:0
BRH:0
end_of_record
TN:
SF:/Users/frankokiror/Desktop/esyagric/ezyagric-ui-2019/src/app/views/admin-register-devtpartner/admin-register-devtpartner.component.ts
FN:8,(anonymous_0)
FNF:1
FNH:1
FNDA:2,(anonymous_0)
DA:8,1
LF:1
LH:1
BRF:0
BRH:0
end_of_record
TN:
SF:/Users/frankokiror/Desktop/esyagric/ezyagric-ui-2019/src/app/views/admin-register-government/admin-register-government.component.ts
FN:8,(anonymous_0)
FN:10,AdminRegisterGovernmentComponent
FN:12,(anonymous_2)
FNF:3
FNH:3
FNDA:1,(anonymous_0)
FNDA:1,AdminRegisterGovernmentComponent
FNDA:1,(anonymous_2)
DA:8,1
DA:12,1
DA:15,1
LF:3
LH:3
BRF:0
BRH:0
end_of_record
TN:
SF:/Users/frankokiror/Desktop/esyagric/ezyagric-ui-2019/src/app/views/admin-register-masteragent/admin-register-masteragent.component.ts
FN:7,(anonymous_0)
FNF:1
FNH:1
FNDA:2,(anonymous_0)
DA:7,1
LF:1
LH:1
BRF:0
BRH:0
end_of_record
TN:
SF:/Users/frankokiror/Desktop/esyagric/ezyagric-ui-2019/src/app/views/admin-register-offtaker/admin-register-offtaker.component.ts
FN:8,(anonymous_0)
FNF:1
FNH:1
FNDA:2,(anonymous_0)
DA:8,1
LF:1
LH:1
BRF:0
BRH:0
end_of_record
TN:
SF:/Users/frankokiror/Desktop/esyagric/ezyagric-ui-2019/src/app/views/admin-users-log/admin-users-log.component.ts
FN:13,(anonymous_0)
FN:38,AdminUsersLogComponent
FN:40,(anonymous_2)
FN:41,(anonymous_3)
FN:42,(anonymous_4)
FN:55,(anonymous_5)
FN:60,(anonymous_6)
FN:62,(anonymous_7)
FN:70,(anonymous_8)
FN:74,(anonymous_9)
FN:76,(anonymous_10)
FN:86,(anonymous_11)
FNF:12
FNH:12
FNDA:1,(anonymous_0)
FNDA:8,AdminUsersLogComponent
FNDA:7,(anonymous_2)
FNDA:2,(anonymous_3)
FNDA:4,(anonymous_4)
FNDA:19,(anonymous_5)
FNDA:1,(anonymous_6)
FNDA:2,(anonymous_7)
FNDA:1,(anonymous_8)
FNDA:1,(anonymous_9)
FNDA:2,(anonymous_10)
FNDA:1,(anonymous_11)
DA:13,1
DA:14,8
DA:15,8
DA:16,8
DA:17,8
DA:18,8
DA:19,8
DA:24,8
DA:25,8
DA:27,8
DA:38,8
DA:40,7
DA:41,7
DA:42,2
DA:43,4
DA:51,2
DA:55,1
DA:56,19
DA:57,19
DA:60,1
DA:61,1
DA:62,1
DA:63,2
DA:67,1
DA:70,1
DA:71,1
DA:74,1
DA:75,1
DA:76,1
DA:77,2
DA:82,1
DA:86,1
DA:87,1
DA:94,1
LF:34
LH:34
BRDA:46,0,0,4
BRDA:46,0,1,4
BRDA:64,1,0,2
BRDA:64,1,1,2
BRDA:77,2,0,1
BRDA:77,2,1,1
BRDA:78,3,0,2
BRDA:78,3,1,1
BRDA:78,3,2,1
BRF:9
BRH:9
end_of_record
TN:
SF:/Users/frankokiror/Desktop/esyagric/ezyagric-ui-2019/src/app/views/change-admin-password/change-admin-password.component.ts
FN:22,(anonymous_0)
FN:41,ChangeAdminPasswordComponent
FN:42,(anonymous_2)
FN:45,(anonymous_3)
FN:51,(anonymous_4)
FN:55,(anonymous_5)
FN:61,(anonymous_6)
FN:63,(anonymous_7)
FN:65,(anonymous_8)
FN:67,(anonymous_9)
FNF:10
FNH:10
FNDA:1,(anonymous_0)
FNDA:8,ChangeAdminPasswordComponent
FNDA:3,(anonymous_2)
FNDA:3,(anonymous_3)
FNDA:1,(anonymous_4)
FNDA:1,(anonymous_5)
FNDA:13,(anonymous_6)
FNDA:23,(anonymous_7)
FNDA:5,(anonymous_8)
FNDA:8,(anonymous_9)
DA:22,1
DA:23,8
DA:27,8
DA:41,8
DA:42,1
DA:45,3
DA:46,3
DA:47,3
DA:48,3
DA:50,3
DA:52,1
DA:53,1
DA:54,1
DA:56,1
DA:57,1
DA:58,1
DA:61,13
DA:63,23
DA:65,5
DA:67,1
DA:68,8
DA:70,1
DA:72,7
DA:76,7
DA:78,1
LF:25
LH:25
BRDA:58,0,0,1
BRDA:58,0,1,1
BRDA:68,1,0,1
BRDA:68,1,1,7
BRDA:68,2,0,8
BRDA:68,2,1,2
BRDA:68,2,2,2
BRF:7
BRH:7
end_of_record
TN:
SF:/Users/frankokiror/Desktop/esyagric/ezyagric-ui-2019/src/app/views/confirm-password-page/confirm-password-page.component.ts
FN:15,(anonymous_0)
FN:42,ConfirmPasswordPageComponent
FN:32,(anonymous_2)
FN:35,(anonymous_3)
FN:35,(anonymous_4)
FN:51,(anonymous_5)
FN:59,(anonymous_6)
FN:64,(anonymous_7)
FN:71,(anonymous_8)
FN:76,(anonymous_9)
FN:79,(anonymous_10)
FNF:11
FNH:10
FNDA:1,(anonymous_0)
FNDA:10,ConfirmPasswordPageComponent
FNDA:7,(anonymous_2)
FNDA:0,(anonymous_3)
FNDA:2,(anonymous_4)
FNDA:2,(anonymous_5)
FNDA:1,(anonymous_6)
FNDA:1,(anonymous_7)
FNDA:2,(anonymous_8)
FNDA:20,(anonymous_9)
FNDA:10,(anonymous_10)
DA:15,1
DA:19,10
DA:22,10
DA:24,10
DA:32,7
DA:33,7
DA:37,2
DA:38,2
DA:43,10
DA:44,10
DA:45,10
DA:46,10
DA:48,10
DA:51,2
DA:52,2
DA:53,2
DA:60,1
DA:61,1
DA:62,1
DA:65,1
DA:66,1
DA:71,1
DA:72,2
DA:73,2
DA:76,1
DA:77,20
DA:79,1
DA:80,10
DA:82,1
LF:29
LH:29
BRF:0
BRH:0
end_of_record
TN:
SF:/Users/frankokiror/Desktop/esyagric/ezyagric-ui-2019/src/app/views/contact-page/contact-page.component.ts
FN:10,(anonymous_0)
FN:23,ContactPageComponent
FN:25,(anonymous_2)
FN:33,(anonymous_3)
FN:39,(anonymous_4)
FN:43,(anonymous_5)
FNF:6
FNH:6
FNDA:1,(anonymous_0)
FNDA:3,ContactPageComponent
FNDA:1,(anonymous_2)
FNDA:1,(anonymous_3)
FNDA:4,(anonymous_4)
FNDA:4,(anonymous_5)
DA:10,1
DA:14,3
DA:23,3
DA:25,1
DA:26,1
DA:27,1
DA:34,1
DA:35,1
DA:36,1
DA:39,1
DA:40,4
DA:43,1
DA:44,4
DA:46,1
LF:14
LH:14
BRF:0
BRH:0
end_of_record
TN:
SF:/Users/frankokiror/Desktop/esyagric/ezyagric-ui-2019/src/app/views/devtpartner/devtpartner.component.ts
FN:8,(anonymous_0)
FNF:1
FNH:1
FNDA:2,(anonymous_0)
DA:8,1
LF:1
LH:1
BRF:0
BRH:0
end_of_record
TN:
SF:/Users/frankokiror/Desktop/esyagric/ezyagric-ui-2019/src/app/views/edit-admin/edit-admin.component.ts
FN:16,(anonymous_0)
FN:29,EditAdminComponent
FN:38,(anonymous_2)
FN:49,(anonymous_3)
FN:53,(anonymous_4)
FN:56,(anonymous_5)
FN:62,(anonymous_6)
FN:69,(anonymous_7)
FNF:8
FNH:7
FNDA:1,(anonymous_0)
FNDA:4,EditAdminComponent
FNDA:3,(anonymous_2)
FNDA:1,(anonymous_3)
FNDA:1,(anonymous_4)
FNDA:1,(anonymous_5)
FNDA:0,(anonymous_6)
FNDA:2,(anonymous_7)
DA:16,1
DA:21,4
DA:22,4
DA:23,4
DA:24,4
DA:25,4
DA:30,4
DA:32,4
DA:33,4
DA:35,4
DA:38,1
DA:39,3
DA:40,3
DA:41,3
DA:49,1
DA:50,1
DA:53,1
DA:54,1
DA:55,1
DA:57,1
DA:58,1
DA:59,1
DA:60,1
DA:63,0
DA:64,0
DA:69,1
DA:70,2
DA:71,2
DA:72,1
DA:73,1
DA:74,4
DA:75,4
DA:77,1
DA:82,1
DA:85,1
LF:35
LH:33
BRDA:35,0,0,4
BRDA:35,0,1,4
BRDA:71,1,0,1
BRDA:71,1,1,1
BRDA:75,2,0,1
BRDA:75,2,1,3
BRDA:77,3,0,1
BRDA:77,3,1,0
BRF:8
BRH:7
end_of_record
TN:
SF:/Users/frankokiror/Desktop/esyagric/ezyagric-ui-2019/src/app/views/farmers/farmers.component.ts
FN:10,(anonymous_0)
FN:19,FarmersComponent
FN:24,(anonymous_2)
FN:28,(anonymous_3)
FN:30,(anonymous_4)
FNF:5
FNH:5
FNDA:1,(anonymous_0)
FNDA:2,FarmersComponent
FNDA:1,(anonymous_2)
FNDA:1,(anonymous_3)
FNDA:1,(anonymous_4)
DA:10,1
DA:11,2
DA:13,2
DA:15,2
DA:16,2
DA:17,2
DA:20,2
DA:21,2
DA:24,1
DA:25,1
DA:28,1
DA:29,1
DA:30,1
DA:31,1
DA:35,1
LF:15
LH:15
BRF:0
BRH:0
end_of_record
TN:
SF:/Users/frankokiror/Desktop/esyagric/ezyagric-ui-2019/src/app/views/financialinstitution/financialinstitution.component.ts
FN:8,(anonymous_0)
FNF:1
FNH:1
FNDA:2,(anonymous_0)
DA:8,1
LF:1
LH:1
BRF:0
BRH:0
end_of_record
TN:
SF:/Users/frankokiror/Desktop/esyagric/ezyagric-ui-2019/src/app/views/forgot-password-page/forgot-password-page.component.ts
FN:13,(anonymous_0)
FN:27,ForgotPasswordPageComponent
FN:33,(anonymous_2)
FN:40,(anonymous_3)
FN:45,(anonymous_4)
FN:53,(anonymous_5)
FN:58,(anonymous_6)
FNF:7
FNH:7
FNDA:1,(anonymous_0)
FNDA:9,ForgotPasswordPageComponent
FNDA:2,(anonymous_2)
FNDA:1,(anonymous_3)
FNDA:1,(anonymous_4)
FNDA:2,(anonymous_5)
FNDA:20,(anonymous_6)
DA:13,1
DA:14,9
DA:17,9
DA:20,9
DA:28,9
DA:29,9
DA:30,9
DA:33,2
DA:34,2
DA:35,2
DA:41,1
DA:42,1
DA:43,1
DA:46,1
DA:47,1
DA:48,1
DA:53,1
DA:54,2
DA:55,2
DA:58,1
DA:59,20
DA:61,1
LF:22
LH:22
BRF:0
BRH:0
end_of_record
TN:
SF:/Users/frankokiror/Desktop/esyagric/ezyagric-ui-2019/src/app/views/government/government.component.ts
FN:8,(anonymous_0)
FN:10,GovernmentComponent
FN:12,(anonymous_2)
FNF:3
FNH:3
FNDA:1,(anonymous_0)
FNDA:1,GovernmentComponent
FNDA:1,(anonymous_2)
DA:8,1
DA:12,1
DA:15,1
LF:3
LH:3
BRF:0
BRH:0
end_of_record
TN:
SF:/Users/frankokiror/Desktop/esyagric/ezyagric-ui-2019/src/app/views/inputsupplier/inputsupplier.component.ts
FN:8,(anonymous_0)
FNF:1
FNH:1
FNDA:2,(anonymous_0)
DA:8,1
LF:1
LH:1
BRF:0
BRH:0
end_of_record
TN:
SF:/Users/frankokiror/Desktop/esyagric/ezyagric-ui-2019/src/app/views/login-page/login-page.component.ts
FN:18,(anonymous_0)
FN:37,LoginPageComponent
FN:47,(anonymous_2)
FN:60,(anonymous_3)
FN:64,(anonymous_4)
FN:68,(anonymous_5)
FN:75,(anonymous_6)
FN:85,(anonymous_7)
FN:89,(anonymous_8)
FN:98,(anonymous_9)
FNF:10
FNH:8
FNDA:1,(anonymous_0)
FNDA:4,LoginPageComponent
FNDA:8,(anonymous_2)
FNDA:4,(anonymous_3)
FNDA:2,(anonymous_4)
FNDA:2,(anonymous_5)
FNDA:2,(anonymous_6)
FNDA:1,(anonymous_7)
FNDA:0,(anonymous_8)
FNDA:0,(anonymous_9)
DA:18,1
DA:19,4
DA:20,4
DA:22,4
DA:23,4
DA:25,4
DA:26,4
DA:27,4
DA:28,4
DA:38,4
DA:39,4
DA:40,4
DA:41,4
DA:42,4
DA:44,4
DA:47,1
DA:48,8
DA:49,0
DA:50,0
DA:51,0
DA:54,8
DA:60,1
DA:61,4
DA:64,1
DA:65,2
DA:68,1
DA:69,2
DA:70,2
DA:71,1
DA:73,2
DA:75,1
DA:76,2
DA:77,1
DA:79,1
DA:85,1
DA:86,1
DA:87,1
DA:88,1
DA:90,0
DA:91,0
DA:95,0
DA:96,0
DA:99,0
DA:100,0
DA:104,1
LF:45
LH:36
BRDA:44,0,0,4
BRDA:44,0,1,4
BRDA:48,1,0,0
BRDA:48,1,1,8
BRDA:50,2,0,0
BRDA:50,2,1,0
BRDA:70,3,0,1
BRDA:70,3,1,1
BRDA:76,4,0,1
BRDA:76,4,1,1
BRF:10
BRH:7
end_of_record
TN:
SF:/Users/frankokiror/Desktop/esyagric/ezyagric-ui-2019/src/app/views/new-admin/new-admin.component.ts
FN:15,(anonymous_0)
FN:26,NewAdminComponent
FN:31,(anonymous_2)
FN:42,(anonymous_3)
FN:48,(anonymous_4)
FN:51,(anonymous_5)
FN:55,(anonymous_6)
FN:59,(anonymous_7)
FN:63,(anonymous_8)
FN:67,(anonymous_9)
FN:74,(anonymous_10)
FNF:11
FNH:10
FNDA:1,(anonymous_0)
FNDA:12,NewAdminComponent
FNDA:12,(anonymous_2)
FNDA:3,(anonymous_3)
FNDA:3,(anonymous_4)
FNDA:3,(anonymous_5)
FNDA:3,(anonymous_6)
FNDA:2,(anonymous_7)
FNDA:0,(anonymous_8)
FNDA:2,(anonymous_9)
FNDA:4,(anonymous_10)
DA:15,1
DA:19,12
DA:20,12
DA:21,12
DA:22,12
DA:23,12
DA:27,12
DA:28,12
DA:31,1
DA:32,12
DA:42,1
DA:43,3
DA:44,3
DA:45,3
DA:48,1
DA:49,3
DA:51,1
DA:52,3
DA:55,1
DA:56,3
DA:59,2
DA:60,2
DA:61,2
DA:62,2
DA:64,0
DA:65,0
DA:68,2
DA:69,2
DA:74,1
DA:75,4
DA:76,4
DA:77,3
DA:78,3
DA:79,3
DA:82,1
LF:35
LH:33
BRDA:76,0,0,3
BRDA:76,0,1,1
BRDA:79,1,0,2
BRDA:79,1,1,1
BRF:4
BRH:4
end_of_record
TN:
SF:/Users/frankokiror/Desktop/esyagric/ezyagric-ui-2019/src/app/views/offtaker/offtaker.component.ts
FN:8,(anonymous_0)
FNF:1
FNH:1
FNDA:2,(anonymous_0)
DA:8,1
LF:1
LH:1
BRF:0
BRH:0
end_of_record
TN:
SF:/Users/frankokiror/Desktop/esyagric/ezyagric-ui-2019/src/app/views/page-not-found/page-not-found.component.ts
FN:8,(anonymous_0)
FNF:1
FNH:1
FNDA:3,(anonymous_0)
DA:8,1
LF:1
LH:1
BRF:0
BRH:0
end_of_record
TN:
SF:/Users/frankokiror/Desktop/esyagric/ezyagric-ui-2019/src/app/views/register-financial-institution/register-financial-institution.component.ts
FN:8,(anonymous_0)
FNF:1
FNH:1
FNDA:2,(anonymous_0)
DA:8,1
LF:1
LH:1
BRF:0
BRH:0
end_of_record
TN:
SF:/Users/frankokiror/Desktop/esyagric/ezyagric-ui-2019/src/app/views/register-master-agent/register-master-agent.component.ts
FN:8,(anonymous_0)
FNF:1
FNH:1
FNDA:2,(anonymous_0)
DA:8,1
LF:1
LH:1
BRF:0
BRH:0
end_of_record
TN:
SF:/Users/frankokiror/Desktop/esyagric/ezyagric-ui-2019/src/app/views/register-offtaker/register-offtaker.component.ts
FN:8,(anonymous_0)
FNF:1
FNH:1
FNDA:2,(anonymous_0)
DA:8,1
LF:1
LH:1
BRF:0
BRH:0
end_of_record
TN:
SF:/Users/frankokiror/Desktop/esyagric/ezyagric-ui-2019/src/app/views/register-page/register-page.component.ts
FN:9,(anonymous_0)
FN:10,RegisterPageComponent
FNF:2
FNH:2
FNDA:1,(anonymous_0)
FNDA:1,RegisterPageComponent
DA:9,1
DA:10,1
DA:11,1
LF:3
LH:3
BRF:0
BRH:0
end_of_record
TN:
SF:/Users/frankokiror/Desktop/esyagric/ezyagric-ui-2019/src/app/views/report-page/report-page.component.ts
FN:20,(anonymous_0)
FN:32,ReportPageComponent
FN:34,(anonymous_2)
FN:38,(anonymous_3)
FN:42,(anonymous_4)
FN:52,(anonymous_5)
FN:58,(anonymous_6)
FN:65,(anonymous_7)
FN:71,(anonymous_8)
FN:78,(anonymous_9)
FN:87,(anonymous_10)
FNF:11
FNH:11
FNDA:1,(anonymous_0)
FNDA:3,ReportPageComponent
FNDA:3,(anonymous_2)
FNDA:27,(anonymous_3)
FNDA:3,(anonymous_4)
FNDA:3,(anonymous_5)
FNDA:2,(anonymous_6)
FNDA:2,(anonymous_7)
FNDA:2,(anonymous_8)
FNDA:2,(anonymous_9)
FNDA:3,(anonymous_10)
DA:20,1
DA:29,3
DA:30,3
DA:32,3
DA:34,1
DA:35,3
DA:38,1
DA:39,27
DA:42,3
DA:43,3
DA:53,3
DA:58,2
DA:59,2
DA:60,2
DA:66,2
DA:71,1
DA:72,2
DA:73,2
DA:74,2
DA:75,2
DA:78,1
DA:79,2
DA:80,1
DA:83,1
DA:87,1
DA:88,3
DA:89,3
DA:90,3
DA:91,3
DA:92,3
DA:93,3
DA:94,3
DA:95,3
DA:97,1
LF:34
LH:34
BRDA:79,0,0,1
BRDA:79,0,1,1
BRF:2
BRH:2
end_of_record
TN:
SF:/Users/frankokiror/Desktop/esyagric/ezyagric-ui-2019/src/app/views/villageagents/villageagents.component.ts
FN:8,(anonymous_0)
FNF:1
FNH:1
FNDA:2,(anonymous_0)
DA:8,1
LF:1
LH:1
BRF:0
BRH:0
end_of_record
TN:
SF:/Users/frankokiror/Desktop/esyagric/ezyagric-ui-2019/src/environments/environment.ts
FNF:0
FNH:0
DA:5,1
LF:1
LH:1
BRF:0
BRH:0
end_of_record
